2025-10-05 01:05:48:548 [31merror[39m: [31muncaughtException: Cannot find module 'express-validator'[39m
[31mRequire stack:[39m
[31m- C:\Users\shahe\OneDrive\Desktop\FieldSync AI\routes\auth.js[39m
[31m- C:\Users\shahe\OneDrive\Desktop\FieldSync AI\server.js[39m
[31mError: Cannot find module 'express-validator'[39m
[31mRequire stack:[39m
[31m- C:\Users\shahe\OneDrive\Desktop\FieldSync AI\routes\auth.js[39m
[31m- C:\Users\shahe\OneDrive\Desktop\FieldSync AI\server.js[39m
[31m    at Function._resolveFilename (node:internal/modules/cjs/loader:1249:15)[39m
[31m    at Function._load (node:internal/modules/cjs/loader:1075:27)[39m
[31m    at TracingChannel.traceSync (node:diagnostics_channel:315:14)[39m
[31m    at wrapModuleLoad (node:internal/modules/cjs/loader:218:24)[39m
[31m    at Module.require (node:internal/modules/cjs/loader:1340:12)[39m
[31m    at require (node:internal/modules/helpers:141:16)[39m
[31m    at Object.<anonymous> (C:\Users\shahe\OneDrive\Desktop\FieldSync AI\routes\auth.js:7:36)[39m
[31m    at Module._compile (node:internal/modules/cjs/loader:1546:14)[39m
[31m    at Object..js (node:internal/modules/cjs/loader:1689:10)[39m
[31m    at Module.load (node:internal/modules/cjs/loader:1318:32)[39m
2025-10-05 01:06:38:638 [31merror[39m: [31muncaughtException: Cannot find module 'express-validator'[39m
[31mRequire stack:[39m
[31m- C:\Users\shahe\OneDrive\Desktop\FieldSync AI\routes\auth.js[39m
[31m- C:\Users\shahe\OneDrive\Desktop\FieldSync AI\server.js[39m
[31mError: Cannot find module 'express-validator'[39m
[31mRequire stack:[39m
[31m- C:\Users\shahe\OneDrive\Desktop\FieldSync AI\routes\auth.js[39m
[31m- C:\Users\shahe\OneDrive\Desktop\FieldSync AI\server.js[39m
[31m    at Function._resolveFilename (node:internal/modules/cjs/loader:1249:15)[39m
[31m    at Function._load (node:internal/modules/cjs/loader:1075:27)[39m
[31m    at TracingChannel.traceSync (node:diagnostics_channel:315:14)[39m
[31m    at wrapModuleLoad (node:internal/modules/cjs/loader:218:24)[39m
[31m    at Module.require (node:internal/modules/cjs/loader:1340:12)[39m
[31m    at require (node:internal/modules/helpers:141:16)[39m
[31m    at Object.<anonymous> (C:\Users\shahe\OneDrive\Desktop\FieldSync AI\routes\auth.js:7:36)[39m
[31m    at Module._compile (node:internal/modules/cjs/loader:1546:14)[39m
[31m    at Object..js (node:internal/modules/cjs/loader:1689:10)[39m
[31m    at Module.load (node:internal/modules/cjs/loader:1318:32)[39m
2025-10-05 01:07:57:757 [31merror[39m: [31muncaughtException: Cannot find module 'express-validator'[39m
[31mRequire stack:[39m
[31m- C:\Users\shahe\OneDrive\Desktop\FieldSync AI\routes\auth.js[39m
[31m- C:\Users\shahe\OneDrive\Desktop\FieldSync AI\server.js[39m
[31mError: Cannot find module 'express-validator'[39m
[31mRequire stack:[39m
[31m- C:\Users\shahe\OneDrive\Desktop\FieldSync AI\routes\auth.js[39m
[31m- C:\Users\shahe\OneDrive\Desktop\FieldSync AI\server.js[39m
[31m    at Function._resolveFilename (node:internal/modules/cjs/loader:1249:15)[39m
[31m    at Function._load (node:internal/modules/cjs/loader:1075:27)[39m
[31m    at TracingChannel.traceSync (node:diagnostics_channel:315:14)[39m
[31m    at wrapModuleLoad (node:internal/modules/cjs/loader:218:24)[39m
[31m    at Module.require (node:internal/modules/cjs/loader:1340:12)[39m
[31m    at require (node:internal/modules/helpers:141:16)[39m
[31m    at Object.<anonymous> (C:\Users\shahe\OneDrive\Desktop\FieldSync AI\routes\auth.js:7:36)[39m
[31m    at Module._compile (node:internal/modules/cjs/loader:1546:14)[39m
[31m    at Object..js (node:internal/modules/cjs/loader:1689:10)[39m
[31m    at Module.load (node:internal/modules/cjs/loader:1318:32)[39m
2025-10-05 01:09:26:926 [31merror[39m: [31muncaughtException: Cannot find module 'express-validator'[39m
[31mRequire stack:[39m
[31m- C:\Users\shahe\OneDrive\Desktop\FieldSync AI\routes\auth.js[39m
[31m- C:\Users\shahe\OneDrive\Desktop\FieldSync AI\server.js[39m
[31mError: Cannot find module 'express-validator'[39m
[31mRequire stack:[39m
[31m- C:\Users\shahe\OneDrive\Desktop\FieldSync AI\routes\auth.js[39m
[31m- C:\Users\shahe\OneDrive\Desktop\FieldSync AI\server.js[39m
[31m    at Function._resolveFilename (node:internal/modules/cjs/loader:1249:15)[39m
[31m    at Function._load (node:internal/modules/cjs/loader:1075:27)[39m
[31m    at TracingChannel.traceSync (node:diagnostics_channel:315:14)[39m
[31m    at wrapModuleLoad (node:internal/modules/cjs/loader:218:24)[39m
[31m    at Module.require (node:internal/modules/cjs/loader:1340:12)[39m
[31m    at require (node:internal/modules/helpers:141:16)[39m
[31m    at Object.<anonymous> (C:\Users\shahe\OneDrive\Desktop\FieldSync AI\routes\auth.js:7:36)[39m
[31m    at Module._compile (node:internal/modules/cjs/loader:1546:14)[39m
[31m    at Object..js (node:internal/modules/cjs/loader:1689:10)[39m
[31m    at Module.load (node:internal/modules/cjs/loader:1318:32)[39m
2025-10-05 01:30:07:307 [31merror[39m: [31muncaughtException: Cannot find module 'express-validator'[39m
[31mRequire stack:[39m
[31m- C:\Users\shahe\OneDrive\Desktop\FieldSync AI\routes\auth.js[39m
[31m- C:\Users\shahe\OneDrive\Desktop\FieldSync AI\server.js[39m
[31mError: Cannot find module 'express-validator'[39m
[31mRequire stack:[39m
[31m- C:\Users\shahe\OneDrive\Desktop\FieldSync AI\routes\auth.js[39m
[31m- C:\Users\shahe\OneDrive\Desktop\FieldSync AI\server.js[39m
[31m    at Function._resolveFilename (node:internal/modules/cjs/loader:1249:15)[39m
[31m    at Function._load (node:internal/modules/cjs/loader:1075:27)[39m
[31m    at TracingChannel.traceSync (node:diagnostics_channel:315:14)[39m
[31m    at wrapModuleLoad (node:internal/modules/cjs/loader:218:24)[39m
[31m    at Module.require (node:internal/modules/cjs/loader:1340:12)[39m
[31m    at require (node:internal/modules/helpers:141:16)[39m
[31m    at Object.<anonymous> (C:\Users\shahe\OneDrive\Desktop\FieldSync AI\routes\auth.js:7:36)[39m
[31m    at Module._compile (node:internal/modules/cjs/loader:1546:14)[39m
[31m    at Object..js (node:internal/modules/cjs/loader:1689:10)[39m
[31m    at Module.load (node:internal/modules/cjs/loader:1318:32)[39m
2025-10-05 01:30:56:3056 [31merror[39m: [31muncaughtException: Cannot find module 'express-validator'[39m
[31mRequire stack:[39m
[31m- C:\Users\shahe\OneDrive\Desktop\FieldSync AI\routes\auth.js[39m
[31m- C:\Users\shahe\OneDrive\Desktop\FieldSync AI\server.js[39m
[31mError: Cannot find module 'express-validator'[39m
[31mRequire stack:[39m
[31m- C:\Users\shahe\OneDrive\Desktop\FieldSync AI\routes\auth.js[39m
[31m- C:\Users\shahe\OneDrive\Desktop\FieldSync AI\server.js[39m
[31m    at Function._resolveFilename (node:internal/modules/cjs/loader:1249:15)[39m
[31m    at Function._load (node:internal/modules/cjs/loader:1075:27)[39m
[31m    at TracingChannel.traceSync (node:diagnostics_channel:315:14)[39m
[31m    at wrapModuleLoad (node:internal/modules/cjs/loader:218:24)[39m
[31m    at Module.require (node:internal/modules/cjs/loader:1340:12)[39m
[31m    at require (node:internal/modules/helpers:141:16)[39m
[31m    at Object.<anonymous> (C:\Users\shahe\OneDrive\Desktop\FieldSync AI\routes\auth.js:7:36)[39m
[31m    at Module._compile (node:internal/modules/cjs/loader:1546:14)[39m
[31m    at Object..js (node:internal/modules/cjs/loader:1689:10)[39m
[31m    at Module.load (node:internal/modules/cjs/loader:1318:32)[39m
2025-10-05 01:31:50:3150 [31merror[39m: [31muncaughtException: Cannot find module 'express-validator'[39m
[31mRequire stack:[39m
[31m- C:\Users\shahe\OneDrive\Desktop\FieldSync AI\routes\auth.js[39m
[31m- C:\Users\shahe\OneDrive\Desktop\FieldSync AI\server.js[39m
[31mError: Cannot find module 'express-validator'[39m
[31mRequire stack:[39m
[31m- C:\Users\shahe\OneDrive\Desktop\FieldSync AI\routes\auth.js[39m
[31m- C:\Users\shahe\OneDrive\Desktop\FieldSync AI\server.js[39m
[31m    at Function._resolveFilename (node:internal/modules/cjs/loader:1249:15)[39m
[31m    at Function._load (node:internal/modules/cjs/loader:1075:27)[39m
[31m    at TracingChannel.traceSync (node:diagnostics_channel:315:14)[39m
[31m    at wrapModuleLoad (node:internal/modules/cjs/loader:218:24)[39m
[31m    at Module.require (node:internal/modules/cjs/loader:1340:12)[39m
[31m    at require (node:internal/modules/helpers:141:16)[39m
[31m    at Object.<anonymous> (C:\Users\shahe\OneDrive\Desktop\FieldSync AI\routes\auth.js:7:36)[39m
[31m    at Module._compile (node:internal/modules/cjs/loader:1546:14)[39m
[31m    at Object..js (node:internal/modules/cjs/loader:1689:10)[39m
[31m    at Module.load (node:internal/modules/cjs/loader:1318:32)[39m
2025-10-05 01:32:20:3220 [31merror[39m: [31muncaughtException: Cannot find module 'express-validator'[39m
[31mRequire stack:[39m
[31m- C:\Users\shahe\OneDrive\Desktop\FieldSync AI\routes\auth.js[39m
[31m- C:\Users\shahe\OneDrive\Desktop\FieldSync AI\server.js[39m
[31mError: Cannot find module 'express-validator'[39m
[31mRequire stack:[39m
[31m- C:\Users\shahe\OneDrive\Desktop\FieldSync AI\routes\auth.js[39m
[31m- C:\Users\shahe\OneDrive\Desktop\FieldSync AI\server.js[39m
[31m    at Function._resolveFilename (node:internal/modules/cjs/loader:1249:15)[39m
[31m    at Function._load (node:internal/modules/cjs/loader:1075:27)[39m
[31m    at TracingChannel.traceSync (node:diagnostics_channel:315:14)[39m
[31m    at wrapModuleLoad (node:internal/modules/cjs/loader:218:24)[39m
[31m    at Module.require (node:internal/modules/cjs/loader:1340:12)[39m
[31m    at require (node:internal/modules/helpers:141:16)[39m
[31m    at Object.<anonymous> (C:\Users\shahe\OneDrive\Desktop\FieldSync AI\routes\auth.js:7:36)[39m
[31m    at Module._compile (node:internal/modules/cjs/loader:1546:14)[39m
[31m    at Object..js (node:internal/modules/cjs/loader:1689:10)[39m
[31m    at Module.load (node:internal/modules/cjs/loader:1318:32)[39m
2025-10-05 01:32:35:3235 [31merror[39m: [31muncaughtException: Cannot find module 'express-validator'[39m
[31mRequire stack:[39m
[31m- C:\Users\shahe\OneDrive\Desktop\FieldSync AI\routes\auth.js[39m
[31m- C:\Users\shahe\OneDrive\Desktop\FieldSync AI\server.js[39m
[31mError: Cannot find module 'express-validator'[39m
[31mRequire stack:[39m
[31m- C:\Users\shahe\OneDrive\Desktop\FieldSync AI\routes\auth.js[39m
[31m- C:\Users\shahe\OneDrive\Desktop\FieldSync AI\server.js[39m
[31m    at Function._resolveFilename (node:internal/modules/cjs/loader:1249:15)[39m
[31m    at Function._load (node:internal/modules/cjs/loader:1075:27)[39m
[31m    at TracingChannel.traceSync (node:diagnostics_channel:315:14)[39m
[31m    at wrapModuleLoad (node:internal/modules/cjs/loader:218:24)[39m
[31m    at Module.require (node:internal/modules/cjs/loader:1340:12)[39m
[31m    at require (node:internal/modules/helpers:141:16)[39m
[31m    at Object.<anonymous> (C:\Users\shahe\OneDrive\Desktop\FieldSync AI\routes\auth.js:7:36)[39m
[31m    at Module._compile (node:internal/modules/cjs/loader:1546:14)[39m
[31m    at Object..js (node:internal/modules/cjs/loader:1689:10)[39m
[31m    at Module.load (node:internal/modules/cjs/loader:1318:32)[39m
2025-10-05 01:37:09:379 [31merror[39m: [31muncaughtException: Unexpected token '='[39m
[31mC:\Users\shahe\OneDrive\Desktop\FieldSync AI\services\integrations\stripe.js:344[39m
[31m      } = options;[39m
[31m        ^[39m

[31mSyntaxError: Unexpected token '='[39m
[31m    at wrapSafe (node:internal/modules/cjs/loader:1469:18)[39m
[31m    at Module._compile (node:internal/modules/cjs/loader:1491:20)[39m
[31m    at Object..js (node:internal/modules/cjs/loader:1689:10)[39m
[31m    at Module.load (node:internal/modules/cjs/loader:1318:32)[39m
[31m    at Function._load (node:internal/modules/cjs/loader:1128:12)[39m
[31m    at TracingChannel.traceSync (node:diagnostics_channel:315:14)[39m
[31m    at wrapModuleLoad (node:internal/modules/cjs/loader:218:24)[39m
[31m    at Module.require (node:internal/modules/cjs/loader:1340:12)[39m
[31m    at require (node:internal/modules/helpers:141:16)[39m
[31m    at Object.<anonymous> (C:\Users\shahe\OneDrive\Desktop\FieldSync AI\routes\integrations.js:14:23)[39m
[31m    at Module._compile (node:internal/modules/cjs/loader:1546:14)[39m
[31m    at Object..js (node:internal/modules/cjs/loader:1689:10)[39m
[31m    at Module.load (node:internal/modules/cjs/loader:1318:32)[39m
[31m    at Function._load (node:internal/modules/cjs/loader:1128:12)[39m
[31m    at TracingChannel.traceSync (node:diagnostics_channel:315:14)[39m
[31m    at wrapModuleLoad (node:internal/modules/cjs/loader:218:24)[39m
2025-10-05 01:38:03:383 [31merror[39m: [31muncaughtException: Unexpected token '}'[39m
[31mC:\Users\shahe\OneDrive\Desktop\FieldSync AI\services\integrations\stripe.js:345[39m
[31m  }[39m
[31m  ^[39m

[31mSyntaxError: Unexpected token '}'[39m
[31m    at wrapSafe (node:internal/modules/cjs/loader:1469:18)[39m
[31m    at Module._compile (node:internal/modules/cjs/loader:1491:20)[39m
[31m    at Object..js (node:internal/modules/cjs/loader:1689:10)[39m
[31m    at Module.load (node:internal/modules/cjs/loader:1318:32)[39m
[31m    at Function._load (node:internal/modules/cjs/loader:1128:12)[39m
[31m    at TracingChannel.traceSync (node:diagnostics_channel:315:14)[39m
[31m    at wrapModuleLoad (node:internal/modules/cjs/loader:218:24)[39m
[31m    at Module.require (node:internal/modules/cjs/loader:1340:12)[39m
[31m    at require (node:internal/modules/helpers:141:16)[39m
[31m    at Object.<anonymous> (C:\Users\shahe\OneDrive\Desktop\FieldSync AI\routes\integrations.js:14:23)[39m
[31m    at Module._compile (node:internal/modules/cjs/loader:1546:14)[39m
[31m    at Object..js (node:internal/modules/cjs/loader:1689:10)[39m
[31m    at Module.load (node:internal/modules/cjs/loader:1318:32)[39m
[31m    at Function._load (node:internal/modules/cjs/loader:1128:12)[39m
[31m    at TracingChannel.traceSync (node:diagnostics_channel:315:14)[39m
[31m    at wrapModuleLoad (node:internal/modules/cjs/loader:218:24)[39m
2025-10-05 01:38:41:3841 [31merror[39m: [31muncaughtException: Unexpected token 'default'[39m
[31mC:\Users\shahe\OneDrive\Desktop\FieldSync AI\services\integrations\stripe.js:416[39m
[31m        default:[39m
[31m        [39m

[31mSyntaxError: Unexpected token 'default'[39m
[31m    at wrapSafe (node:internal/modules/cjs/loader:1469:18)[39m
[31m    at Module._compile (node:internal/modules/cjs/loader:1491:20)[39m
[31m    at Object..js (node:internal/modules/cjs/loader:1689:10)[39m
[31m    at Module.load (node:internal/modules/cjs/loader:1318:32)[39m
[31m    at Function._load (node:internal/modules/cjs/loader:1128:12)[39m
[31m    at TracingChannel.traceSync (node:diagnostics_channel:315:14)[39m
[31m    at wrapModuleLoad (node:internal/modules/cjs/loader:218:24)[39m
[31m    at Module.require (node:internal/modules/cjs/loader:1340:12)[39m
[31m    at require (node:internal/modules/helpers:141:16)[39m
[31m    at Object.<anonymous> (C:\Users\shahe\OneDrive\Desktop\FieldSync AI\routes\integrations.js:14:23)[39m
[31m    at Module._compile (node:internal/modules/cjs/loader:1546:14)[39m
[31m    at Object..js (node:internal/modules/cjs/loader:1689:10)[39m
[31m    at Module.load (node:internal/modules/cjs/loader:1318:32)[39m
[31m    at Function._load (node:internal/modules/cjs/loader:1128:12)[39m
[31m    at TracingChannel.traceSync (node:diagnostics_channel:315:14)[39m
[31m    at wrapModuleLoad (node:internal/modules/cjs/loader:218:24)[39m
2025-10-05 01:39:38:3938 [31merror[39m: [31muncaughtException: Cannot find module '../oauth/oauthManager'[39m
[31mRequire stack:[39m
[31m- C:\Users\shahe\OneDrive\Desktop\FieldSync AI\services\integrations\csvUpload.js[39m
[31m- C:\Users\shahe\OneDrive\Desktop\FieldSync AI\routes\integrations.js[39m
[31m- C:\Users\shahe\OneDrive\Desktop\FieldSync AI\server.js[39m
[31mError: Cannot find module '../oauth/oauthManager'[39m
[31mRequire stack:[39m
[31m- C:\Users\shahe\OneDrive\Desktop\FieldSync AI\services\integrations\csvUpload.js[39m
[31m- C:\Users\shahe\OneDrive\Desktop\FieldSync AI\routes\integrations.js[39m
[31m- C:\Users\shahe\OneDrive\Desktop\FieldSync AI\server.js[39m
[31m    at Function._resolveFilename (node:internal/modules/cjs/loader:1249:15)[39m
[31m    at Function._load (node:internal/modules/cjs/loader:1075:27)[39m
[31m    at TracingChannel.traceSync (node:diagnostics_channel:315:14)[39m
[31m    at wrapModuleLoad (node:internal/modules/cjs/loader:218:24)[39m
[31m    at Module.require (node:internal/modules/cjs/loader:1340:12)[39m
[31m    at require (node:internal/modules/helpers:141:16)[39m
[31m    at Object.<anonymous> (C:\Users\shahe\OneDrive\Desktop\FieldSync AI\services\integrations\csvUpload.js:6:22)[39m
[31m    at Module._compile (node:internal/modules/cjs/loader:1546:14)[39m
[31m    at Object..js (node:internal/modules/cjs/loader:1689:10)[39m
[31m    at Module.load (node:internal/modules/cjs/loader:1318:32)[39m
[31m    at Function._load (node:internal/modules/cjs/loader:1128:12)[39m
[31m    at TracingChannel.traceSync (node:diagnostics_channel:315:14)[39m
[31m    at wrapModuleLoad (node:internal/modules/cjs/loader:218:24)[39m
[31m    at Module.require (node:internal/modules/cjs/loader:1340:12)[39m
[31m    at require (node:internal/modules/helpers:141:16)[39m
[31m    at Object.<anonymous> (C:\Users\shahe\OneDrive\Desktop\FieldSync AI\routes\integrations.js:15:26)[39m
2025-10-05 01:40:35:4035 [31merror[39m: [31muncaughtException: Missing parameter name at index 1: *; visit https://git.new/pathToRegexpError for info[39m
[31mTypeError: Missing parameter name at index 1: *; visit https://git.new/pathToRegexpError for info[39m
[31m    at name (C:\Users\shahe\OneDrive\Desktop\FieldSync AI\node_modules\path-to-regexp\dist\index.js:96:19)[39m
[31m    at parse (C:\Users\shahe\OneDrive\Desktop\FieldSync AI\node_modules\path-to-regexp\dist\index.js:113:68)[39m
[31m    at pathToRegexp (C:\Users\shahe\OneDrive\Desktop\FieldSync AI\node_modules\path-to-regexp\dist\index.js:267:58)[39m
[31m    at Object.match (C:\Users\shahe\OneDrive\Desktop\FieldSync AI\node_modules\path-to-regexp\dist\index.js:237:30)[39m
[31m    at matcher (C:\Users\shahe\OneDrive\Desktop\FieldSync AI\node_modules\router\lib\layer.js:86:23)[39m
[31m    at new Layer (C:\Users\shahe\OneDrive\Desktop\FieldSync AI\node_modules\router\lib\layer.js:93:62)[39m
[31m    at Function.route (C:\Users\shahe\OneDrive\Desktop\FieldSync AI\node_modules\router\index.js:428:17)[39m
[31m    at Function.route (C:\Users\shahe\OneDrive\Desktop\FieldSync AI\node_modules\express\lib\application.js:257:22)[39m
[31m    at app.<computed> [as get] (C:\Users\shahe\OneDrive\Desktop\FieldSync AI\node_modules\express\lib\application.js:478:22)[39m
[31m    at Object.<anonymous> (C:\Users\shahe\OneDrive\Desktop\FieldSync AI\server.js:116:5)[39m
[31m    at Module._compile (node:internal/modules/cjs/loader:1546:14)[39m
[31m    at Object..js (node:internal/modules/cjs/loader:1689:10)[39m
[31m    at Module.load (node:internal/modules/cjs/loader:1318:32)[39m
[31m    at Function._load (node:internal/modules/cjs/loader:1128:12)[39m
[31m    at TracingChannel.traceSync (node:diagnostics_channel:315:14)[39m
[31m    at wrapModuleLoad (node:internal/modules/cjs/loader:218:24)[39m
2025-10-05 01:48:40:4840 [31merror[39m: [31muncaughtException: Missing parameter name at index 2: /*; visit https://git.new/pathToRegexpError for info[39m
[31mTypeError: Missing parameter name at index 2: /*; visit https://git.new/pathToRegexpError for info[39m
[31m    at name (C:\Users\shahe\OneDrive\Desktop\FieldSync AI\node_modules\path-to-regexp\dist\index.js:96:19)[39m
[31m    at parse (C:\Users\shahe\OneDrive\Desktop\FieldSync AI\node_modules\path-to-regexp\dist\index.js:113:68)[39m
[31m    at pathToRegexp (C:\Users\shahe\OneDrive\Desktop\FieldSync AI\node_modules\path-to-regexp\dist\index.js:267:58)[39m
[31m    at Object.match (C:\Users\shahe\OneDrive\Desktop\FieldSync AI\node_modules\path-to-regexp\dist\index.js:237:30)[39m
[31m    at matcher (C:\Users\shahe\OneDrive\Desktop\FieldSync AI\node_modules\router\lib\layer.js:86:23)[39m
[31m    at new Layer (C:\Users\shahe\OneDrive\Desktop\FieldSync AI\node_modules\router\lib\layer.js:93:62)[39m
[31m    at Function.route (C:\Users\shahe\OneDrive\Desktop\FieldSync AI\node_modules\router\index.js:428:17)[39m
[31m    at Function.route (C:\Users\shahe\OneDrive\Desktop\FieldSync AI\node_modules\express\lib\application.js:257:22)[39m
[31m    at app.<computed> [as get] (C:\Users\shahe\OneDrive\Desktop\FieldSync AI\node_modules\express\lib\application.js:478:22)[39m
[31m    at Object.<anonymous> (C:\Users\shahe\OneDrive\Desktop\FieldSync AI\server.js:116:5)[39m
[31m    at Module._compile (node:internal/modules/cjs/loader:1546:14)[39m
[31m    at Object..js (node:internal/modules/cjs/loader:1689:10)[39m
[31m    at Module.load (node:internal/modules/cjs/loader:1318:32)[39m
[31m    at Function._load (node:internal/modules/cjs/loader:1128:12)[39m
[31m    at TracingChannel.traceSync (node:diagnostics_channel:315:14)[39m
[31m    at wrapModuleLoad (node:internal/modules/cjs/loader:218:24)[39m
2025-10-05 01:49:28:4928 [31merror[39m: [31muncaughtException: Missing parameter name at index 1: *; visit https://git.new/pathToRegexpError for info[39m
[31mTypeError: Missing parameter name at index 1: *; visit https://git.new/pathToRegexpError for info[39m
[31m    at name (C:\Users\shahe\OneDrive\Desktop\FieldSync AI\node_modules\path-to-regexp\dist\index.js:96:19)[39m
[31m    at parse (C:\Users\shahe\OneDrive\Desktop\FieldSync AI\node_modules\path-to-regexp\dist\index.js:113:68)[39m
[31m    at pathToRegexp (C:\Users\shahe\OneDrive\Desktop\FieldSync AI\node_modules\path-to-regexp\dist\index.js:267:58)[39m
[31m    at Object.match (C:\Users\shahe\OneDrive\Desktop\FieldSync AI\node_modules\path-to-regexp\dist\index.js:237:30)[39m
[31m    at matcher (C:\Users\shahe\OneDrive\Desktop\FieldSync AI\node_modules\router\lib\layer.js:86:23)[39m
[31m    at new Layer (C:\Users\shahe\OneDrive\Desktop\FieldSync AI\node_modules\router\lib\layer.js:93:62)[39m
[31m    at Function.route (C:\Users\shahe\OneDrive\Desktop\FieldSync AI\node_modules\router\index.js:428:17)[39m
[31m    at Function.route (C:\Users\shahe\OneDrive\Desktop\FieldSync AI\node_modules\express\lib\application.js:257:22)[39m
[31m    at app.<computed> [as get] (C:\Users\shahe\OneDrive\Desktop\FieldSync AI\node_modules\express\lib\application.js:478:22)[39m
[31m    at Object.<anonymous> (C:\Users\shahe\OneDrive\Desktop\FieldSync AI\server.js:119:5)[39m
[31m    at Module._compile (node:internal/modules/cjs/loader:1546:14)[39m
[31m    at Object..js (node:internal/modules/cjs/loader:1689:10)[39m
[31m    at Module.load (node:internal/modules/cjs/loader:1318:32)[39m
[31m    at Function._load (node:internal/modules/cjs/loader:1128:12)[39m
[31m    at TracingChannel.traceSync (node:diagnostics_channel:315:14)[39m
[31m    at wrapModuleLoad (node:internal/modules/cjs/loader:218:24)[39m
